Build started 12-12-2014 23:24:12.
     1>Project "c:\Users\Dhruv\documents\visual studio 2012\Projects\cuda_challenge_india\cuda_challenge_india\cuda_challenge_india.vcxproj" on node 2 (Build target(s)).
     1>CudaBuild:
         Compiling CUDA source file kernel.cu...
         cmd.exe /C "C:\Users\Dhruv\AppData\Local\Temp\tmp86b287df94e94975a438976bc31f5ed2.cmd"
         "C:\Program Files\NVIDIA GPU Computing Toolkit\CUDA\v6.5\bin\nvcc.exe" -gencode=arch=compute_35,code=\"sm_35,compute_35\" --use-local-env --cl-version 2012 -ccbin "C:\Program Files (x86)\Microsoft Visual Studio 11.0\VC\bin"  -I"C:\Program Files\NVIDIA GPU Computing Toolkit\CUDA\v6.5\include" -I"C:\Program Files\NVIDIA GPU Computing Toolkit\CUDA\v6.5\include"  -G   --keep-dir Debug -maxrregcount=0  --machine 32 --compile -cudart static  -g   -DWIN32 -D_DEBUG -D_CONSOLE -D_MBCS -Xcompiler "/EHsc /W3 /nologo /Od /Zi /RTC1 /MDd  " -o Debug\kernel.cu.obj "c:\Users\Dhruv\documents\visual studio 2012\Projects\cuda_challenge_india\cuda_challenge_india\kernel.cu"
         
         c:\Users\Dhruv\documents\visual studio 2012\Projects\cuda_challenge_india\cuda_challenge_india>"C:\Program Files\NVIDIA GPU Computing Toolkit\CUDA\v6.5\bin\nvcc.exe" -gencode=arch=compute_35,code=\"sm_35,compute_35\" --use-local-env --cl-version 2012 -ccbin "C:\Program Files (x86)\Microsoft Visual Studio 11.0\VC\bin"  -I"C:\Program Files\NVIDIA GPU Computing Toolkit\CUDA\v6.5\include" -I"C:\Program Files\NVIDIA GPU Computing Toolkit\CUDA\v6.5\include"  -G   --keep-dir Debug -maxrregcount=0  --machine 32 --compile -cudart static  -g   -DWIN32 -D_DEBUG -D_CONSOLE -D_MBCS -Xcompiler "/EHsc /W3 /nologo /Od /Zi /RTC1 /MDd  " -o Debug\kernel.cu.obj "c:\Users\Dhruv\documents\visual studio 2012\Projects\cuda_challenge_india\cuda_challenge_india\kernel.cu" 
         kernel.cu
       Link:
         C:\Program Files (x86)\Microsoft Visual Studio 11.0\VC\bin\link.exe /ERRORREPORT:PROMPT /OUT:"c:\users\dhruv\documents\visual studio 2012\Projects\cuda_challenge_india\Debug\cuda_challenge_india.exe" /INCREMENTAL /NOLOGO /LIBPATH:"C:\Program Files\NVIDIA GPU Computing Toolkit\CUDA\v6.5\lib\Win32" cudart.lib kernel32.lib user32.lib gdi32.lib winspool.lib comdlg32.lib advapi32.lib shell32.lib ole32.lib oleaut32.lib uuid.lib odbc32.lib odbccp32.lib kernel32.lib user32.lib gdi32.lib winspool.lib comdlg32.lib advapi32.lib shell32.lib ole32.lib oleaut32.lib uuid.lib odbc32.lib odbccp32.lib /MANIFEST /MANIFESTUAC:"level='asInvoker' uiAccess='false'" /manifest:embed /DEBUG /PDB:"c:\users\dhruv\documents\visual studio 2012\Projects\cuda_challenge_india\Debug\cuda_challenge_india.pdb" /SUBSYSTEM:CONSOLE /TLBID:1 /DYNAMICBASE /NXCOMPAT /IMPLIB:"c:\users\dhruv\documents\visual studio 2012\Projects\cuda_challenge_india\Debug\cuda_challenge_india.lib" /MACHINE:X86 Debug\kernel.cu.obj
         cuda_challenge_india.vcxproj -> c:\users\dhruv\documents\visual studio 2012\Projects\cuda_challenge_india\Debug\cuda_challenge_india.exe
       PostBuildEvent:
         echo copy "C:\Program Files\NVIDIA GPU Computing Toolkit\CUDA\v6.5\bin\cudart*.dll" "c:\users\dhruv\documents\visual studio 2012\Projects\cuda_challenge_india\Debug\"
         copy "C:\Program Files\NVIDIA GPU Computing Toolkit\CUDA\v6.5\bin\cudart*.dll" "c:\users\dhruv\documents\visual studio 2012\Projects\cuda_challenge_india\Debug\"
         :VCEnd
         copy "C:\Program Files\NVIDIA GPU Computing Toolkit\CUDA\v6.5\bin\cudart*.dll" "c:\users\dhruv\documents\visual studio 2012\Projects\cuda_challenge_india\Debug\"
         C:\Program Files\NVIDIA GPU Computing Toolkit\CUDA\v6.5\bin\cudart32_65.dll
         C:\Program Files\NVIDIA GPU Computing Toolkit\CUDA\v6.5\bin\cudart64_65.dll
                 2 file(s) copied.
     1>Done Building Project "c:\Users\Dhruv\documents\visual studio 2012\Projects\cuda_challenge_india\cuda_challenge_india\cuda_challenge_india.vcxproj" (Build target(s)).

Build succeeded.

Time Elapsed 00:00:09.46
